The system is: Darwin - 17.4.0 - x86_64
Compiling the C compiler identification source file "CMakeCCompilerId.c" succeeded.
Compiler: /Applications/Xcode.app/Contents/Developer/Toolchains/XcodeDefault.xctoolchain/usr/bin/cc 
Build flags: 
Id flags:  

The output was:
0


Compilation of the C compiler identification source "CMakeCCompilerId.c" produced "a.out"

The C compiler identification is AppleClang, found in "/Users/beck/Developer/RM2018_ChibiOS/cmake-build-default/CMakeFiles/3.8.2/CompilerIdC/a.out"

Determining if the C compiler works passed with the following output:
Change Dir: /Users/beck/Developer/RM2018_ChibiOS/cmake-build-default/CMakeFiles/CMakeTmp

Run Build Command:"/usr/local/bin/gmake" "cmTC_4437a/fast"
/usr/local/bin/gmake -f CMakeFiles/cmTC_4437a.dir/build.make CMakeFiles/cmTC_4437a.dir/build
gmake[1]: Entering directory '/Users/beck/Developer/RM2018_ChibiOS/cmake-build-default/CMakeFiles/CMakeTmp'
Building C object CMakeFiles/cmTC_4437a.dir/testCCompiler.c.o
/Applications/Xcode.app/Contents/Developer/Toolchains/XcodeDefault.xctoolchain/usr/bin/cc    -o CMakeFiles/cmTC_4437a.dir/testCCompiler.c.o   -c /Users/beck/Developer/RM2018_ChibiOS/cmake-build-default/CMakeFiles/CMakeTmp/testCCompiler.c
Linking C executable cmTC_4437a
/Applications/CLion.app/Contents/bin/cmake/bin/cmake -E cmake_link_script CMakeFiles/cmTC_4437a.dir/link.txt --verbose=1
/Applications/Xcode.app/Contents/Developer/Toolchains/XcodeDefault.xctoolchain/usr/bin/cc   -Wl,-search_paths_first -Wl,-headerpad_max_install_names   CMakeFiles/cmTC_4437a.dir/testCCompiler.c.o  -o cmTC_4437a 
gmake[1]: Leaving directory '/Users/beck/Developer/RM2018_ChibiOS/cmake-build-default/CMakeFiles/CMakeTmp'


Detecting C compiler ABI info compiled with the following output:
Change Dir: /Users/beck/Developer/RM2018_ChibiOS/cmake-build-default/CMakeFiles/CMakeTmp

Run Build Command:"/usr/local/bin/gmake" "cmTC_11321/fast"
/usr/local/bin/gmake -f CMakeFiles/cmTC_11321.dir/build.make CMakeFiles/cmTC_11321.dir/build
gmake[1]: Entering directory '/Users/beck/Developer/RM2018_ChibiOS/cmake-build-default/CMakeFiles/CMakeTmp'
Building C object CMakeFiles/cmTC_11321.dir/CMakeCCompilerABI.c.o
/Applications/Xcode.app/Contents/Developer/Toolchains/XcodeDefault.xctoolchain/usr/bin/cc    -o CMakeFiles/cmTC_11321.dir/CMakeCCompilerABI.c.o   -c /Applications/CLion.app/Contents/bin/cmake/share/cmake-3.8/Modules/CMakeCCompilerABI.c
Linking C executable cmTC_11321
/Applications/CLion.app/Contents/bin/cmake/bin/cmake -E cmake_link_script CMakeFiles/cmTC_11321.dir/link.txt --verbose=1
/Applications/Xcode.app/Contents/Developer/Toolchains/XcodeDefault.xctoolchain/usr/bin/cc   -Wl,-search_paths_first -Wl,-headerpad_max_install_names  -v -Wl,-v CMakeFiles/cmTC_11321.dir/CMakeCCompilerABI.c.o  -o cmTC_11321 
Apple LLVM version 9.1.0 (clang-902.0.39.1)
Target: x86_64-apple-darwin17.4.0
Thread model: posix
InstalledDir: /Applications/Xcode.app/Contents/Developer/Toolchains/XcodeDefault.xctoolchain/usr/bin
 "/Applications/Xcode.app/Contents/Developer/Toolchains/XcodeDefault.xctoolchain/usr/bin/ld" -demangle -lto_library /Applications/Xcode.app/Contents/Developer/Toolchains/XcodeDefault.xctoolchain/usr/lib/libLTO.dylib -dynamic -arch x86_64 -macosx_version_min 10.13.0 -o cmTC_11321 -search_paths_first -headerpad_max_install_names -v CMakeFiles/cmTC_11321.dir/CMakeCCompilerABI.c.o -lSystem /Applications/Xcode.app/Contents/Developer/Toolchains/XcodeDefault.xctoolchain/usr/lib/clang/9.1.0/lib/darwin/libclang_rt.osx.a
@(#)PROGRAM:ld  PROJECT:ld64-351.8
configured to support archs: armv6 armv7 armv7s arm64 i386 x86_64 x86_64h armv6m armv7k armv7m armv7em (tvOS)
Library search paths:
	/usr/lib
	/usr/local/lib
Framework search paths:
	/Library/Frameworks/
	/System/Library/Frameworks/
gmake[1]: Leaving directory '/Users/beck/Developer/RM2018_ChibiOS/cmake-build-default/CMakeFiles/CMakeTmp'


Parsed C implicit link information from above output:
  link line regex: [^( *|.*[/\])(ld|([^/\]+-)?ld|collect2)[^/\]*( |$)]
  ignore line: [Change Dir: /Users/beck/Developer/RM2018_ChibiOS/cmake-build-default/CMakeFiles/CMakeTmp]
  ignore line: []
  ignore line: [Run Build Command:"/usr/local/bin/gmake" "cmTC_11321/fast"]
  ignore line: [/usr/local/bin/gmake -f CMakeFiles/cmTC_11321.dir/build.make CMakeFiles/cmTC_11321.dir/build]
  ignore line: [gmake[1]: Entering directory '/Users/beck/Developer/RM2018_ChibiOS/cmake-build-default/CMakeFiles/CMakeTmp']
  ignore line: [Building C object CMakeFiles/cmTC_11321.dir/CMakeCCompilerABI.c.o]
  ignore line: [/Applications/Xcode.app/Contents/Developer/Toolchains/XcodeDefault.xctoolchain/usr/bin/cc    -o CMakeFiles/cmTC_11321.dir/CMakeCCompilerABI.c.o   -c /Applications/CLion.app/Contents/bin/cmake/share/cmake-3.8/Modules/CMakeCCompilerABI.c]
  ignore line: [Linking C executable cmTC_11321]
  ignore line: [/Applications/CLion.app/Contents/bin/cmake/bin/cmake -E cmake_link_script CMakeFiles/cmTC_11321.dir/link.txt --verbose=1]
  ignore line: [/Applications/Xcode.app/Contents/Developer/Toolchains/XcodeDefault.xctoolchain/usr/bin/cc   -Wl,-search_paths_first -Wl,-headerpad_max_install_names  -v -Wl,-v CMakeFiles/cmTC_11321.dir/CMakeCCompilerABI.c.o  -o cmTC_11321 ]
  ignore line: [Apple LLVM version 9.1.0 (clang-902.0.39.1)]
  ignore line: [Target: x86_64-apple-darwin17.4.0]
  ignore line: [Thread model: posix]
  ignore line: [InstalledDir: /Applications/Xcode.app/Contents/Developer/Toolchains/XcodeDefault.xctoolchain/usr/bin]
  link line: [ "/Applications/Xcode.app/Contents/Developer/Toolchains/XcodeDefault.xctoolchain/usr/bin/ld" -demangle -lto_library /Applications/Xcode.app/Contents/Developer/Toolchains/XcodeDefault.xctoolchain/usr/lib/libLTO.dylib -dynamic -arch x86_64 -macosx_version_min 10.13.0 -o cmTC_11321 -search_paths_first -headerpad_max_install_names -v CMakeFiles/cmTC_11321.dir/CMakeCCompilerABI.c.o -lSystem /Applications/Xcode.app/Contents/Developer/Toolchains/XcodeDefault.xctoolchain/usr/lib/clang/9.1.0/lib/darwin/libclang_rt.osx.a]
    arg [/Applications/Xcode.app/Contents/Developer/Toolchains/XcodeDefault.xctoolchain/usr/bin/ld] ==> ignore
    arg [-demangle] ==> ignore
    arg [-lto_library] ==> ignore, skip following value
    arg [/Applications/Xcode.app/Contents/Developer/Toolchains/XcodeDefault.xctoolchain/usr/lib/libLTO.dylib] ==> skip value of -lto_library
    arg [-dynamic] ==> ignore
    arg [-arch] ==> ignore
    arg [x86_64] ==> ignore
    arg [-macosx_version_min] ==> ignore
    arg [10.13.0] ==> ignore
    arg [-o] ==> ignore
    arg [cmTC_11321] ==> ignore
    arg [-search_paths_first] ==> ignore
    arg [-headerpad_max_install_names] ==> ignore
    arg [-v] ==> ignore
    arg [CMakeFiles/cmTC_11321.dir/CMakeCCompilerABI.c.o] ==> ignore
    arg [-lSystem] ==> lib [System]
    arg [/Applications/Xcode.app/Contents/Developer/Toolchains/XcodeDefault.xctoolchain/usr/lib/clang/9.1.0/lib/darwin/libclang_rt.osx.a] ==> lib [/Applications/Xcode.app/Contents/Developer/Toolchains/XcodeDefault.xctoolchain/usr/lib/clang/9.1.0/lib/darwin/libclang_rt.osx.a]
  Library search paths: [;/usr/lib;/usr/local/lib]
  Framework search paths: [;/Library/Frameworks/;/System/Library/Frameworks/]
  remove lib [System]
  remove lib [/Applications/Xcode.app/Contents/Developer/Toolchains/XcodeDefault.xctoolchain/usr/lib/clang/9.1.0/lib/darwin/libclang_rt.osx.a]
  collapse library dir [/usr/lib] ==> [/usr/lib]
  collapse library dir [/usr/local/lib] ==> [/usr/local/lib]
  collapse framework dir [/Library/Frameworks/] ==> [/Library/Frameworks]
  collapse framework dir [/System/Library/Frameworks/] ==> [/System/Library/Frameworks]
  implicit libs: []
  implicit dirs: [/usr/lib;/usr/local/lib]
  implicit fwks: [/Library/Frameworks;/System/Library/Frameworks]




Detecting C [-std=c11] compiler features compiled with the following output:
Change Dir: /Users/beck/Developer/RM2018_ChibiOS/cmake-build-default/CMakeFiles/CMakeTmp

Run Build Command:"/usr/local/bin/gmake" "cmTC_24f42/fast"
/usr/local/bin/gmake -f CMakeFiles/cmTC_24f42.dir/build.make CMakeFiles/cmTC_24f42.dir/build
gmake[1]: Entering directory '/Users/beck/Developer/RM2018_ChibiOS/cmake-build-default/CMakeFiles/CMakeTmp'
Building C object CMakeFiles/cmTC_24f42.dir/feature_tests.c.o
/Applications/Xcode.app/Contents/Developer/Toolchains/XcodeDefault.xctoolchain/usr/bin/cc   -std=c11 -o CMakeFiles/cmTC_24f42.dir/feature_tests.c.o   -c /Users/beck/Developer/RM2018_ChibiOS/cmake-build-default/CMakeFiles/feature_tests.c
Linking C executable cmTC_24f42
/Applications/CLion.app/Contents/bin/cmake/bin/cmake -E cmake_link_script CMakeFiles/cmTC_24f42.dir/link.txt --verbose=1
/Applications/Xcode.app/Contents/Developer/Toolchains/XcodeDefault.xctoolchain/usr/bin/cc   -Wl,-search_paths_first -Wl,-headerpad_max_install_names   CMakeFiles/cmTC_24f42.dir/feature_tests.c.o  -o cmTC_24f42 
gmake[1]: Leaving directory '/Users/beck/Developer/RM2018_ChibiOS/cmake-build-default/CMakeFiles/CMakeTmp'


    Feature record: C_FEATURE:1c_function_prototypes
    Feature record: C_FEATURE:1c_restrict
    Feature record: C_FEATURE:1c_static_assert
    Feature record: C_FEATURE:1c_variadic_macros


Detecting C [-std=c99] compiler features compiled with the following output:
Change Dir: /Users/beck/Developer/RM2018_ChibiOS/cmake-build-default/CMakeFiles/CMakeTmp

Run Build Command:"/usr/local/bin/gmake" "cmTC_0861f/fast"
/usr/local/bin/gmake -f CMakeFiles/cmTC_0861f.dir/build.make CMakeFiles/cmTC_0861f.dir/build
gmake[1]: Entering directory '/Users/beck/Developer/RM2018_ChibiOS/cmake-build-default/CMakeFiles/CMakeTmp'
Building C object CMakeFiles/cmTC_0861f.dir/feature_tests.c.o
/Applications/Xcode.app/Contents/Developer/Toolchains/XcodeDefault.xctoolchain/usr/bin/cc   -std=c99 -o CMakeFiles/cmTC_0861f.dir/feature_tests.c.o   -c /Users/beck/Developer/RM2018_ChibiOS/cmake-build-default/CMakeFiles/feature_tests.c
Linking C executable cmTC_0861f
/Applications/CLion.app/Contents/bin/cmake/bin/cmake -E cmake_link_script CMakeFiles/cmTC_0861f.dir/link.txt --verbose=1
/Applications/Xcode.app/Contents/Developer/Toolchains/XcodeDefault.xctoolchain/usr/bin/cc   -Wl,-search_paths_first -Wl,-headerpad_max_install_names   CMakeFiles/cmTC_0861f.dir/feature_tests.c.o  -o cmTC_0861f 
gmake[1]: Leaving directory '/Users/beck/Developer/RM2018_ChibiOS/cmake-build-default/CMakeFiles/CMakeTmp'


    Feature record: C_FEATURE:1c_function_prototypes
    Feature record: C_FEATURE:1c_restrict
    Feature record: C_FEATURE:0c_static_assert
    Feature record: C_FEATURE:1c_variadic_macros


Detecting C [-std=c90] compiler features compiled with the following output:
Change Dir: /Users/beck/Developer/RM2018_ChibiOS/cmake-build-default/CMakeFiles/CMakeTmp

Run Build Command:"/usr/local/bin/gmake" "cmTC_7e6c9/fast"
/usr/local/bin/gmake -f CMakeFiles/cmTC_7e6c9.dir/build.make CMakeFiles/cmTC_7e6c9.dir/build
gmake[1]: Entering directory '/Users/beck/Developer/RM2018_ChibiOS/cmake-build-default/CMakeFiles/CMakeTmp'
Building C object CMakeFiles/cmTC_7e6c9.dir/feature_tests.c.o
/Applications/Xcode.app/Contents/Developer/Toolchains/XcodeDefault.xctoolchain/usr/bin/cc   -std=c90 -o CMakeFiles/cmTC_7e6c9.dir/feature_tests.c.o   -c /Users/beck/Developer/RM2018_ChibiOS/cmake-build-default/CMakeFiles/feature_tests.c
Linking C executable cmTC_7e6c9
/Applications/CLion.app/Contents/bin/cmake/bin/cmake -E cmake_link_script CMakeFiles/cmTC_7e6c9.dir/link.txt --verbose=1
/Applications/Xcode.app/Contents/Developer/Toolchains/XcodeDefault.xctoolchain/usr/bin/cc   -Wl,-search_paths_first -Wl,-headerpad_max_install_names   CMakeFiles/cmTC_7e6c9.dir/feature_tests.c.o  -o cmTC_7e6c9 
gmake[1]: Leaving directory '/Users/beck/Developer/RM2018_ChibiOS/cmake-build-default/CMakeFiles/CMakeTmp'


    Feature record: C_FEATURE:1c_function_prototypes
    Feature record: C_FEATURE:0c_restrict
    Feature record: C_FEATURE:0c_static_assert
    Feature record: C_FEATURE:0c_variadic_macros
